{
  "RSpec": {
    "coverage": {
      "C:/Users/aalek/OneDrive/Desktop/Bookstore-Services/app/helpers/api/v1/books_helper.rb": {
        "lines": [
          1,
          null
        ]
      },
      "C:/Users/aalek/OneDrive/Desktop/Bookstore-Services/app/helpers/api/v1/carts_helper.rb": {
        "lines": [
          1,
          null
        ]
      },
      "C:/Users/aalek/OneDrive/Desktop/Bookstore-Services/app/helpers/api/v1/google_auth_helper.rb": {
        "lines": [
          1,
          null
        ]
      },
      "C:/Users/aalek/OneDrive/Desktop/Bookstore-Services/app/helpers/api/v1/orders_helper.rb": {
        "lines": [
          1,
          null
        ]
      },
      "C:/Users/aalek/OneDrive/Desktop/Bookstore-Services/app/helpers/api/v1/reviews_helper.rb": {
        "lines": [
          1,
          null
        ]
      },
      "C:/Users/aalek/OneDrive/Desktop/Bookstore-Services/app/helpers/api/v1/users_helper.rb": {
        "lines": [
          1,
          null
        ]
      },
      "C:/Users/aalek/OneDrive/Desktop/Bookstore-Services/app/helpers/api/v1/wishlists_helper.rb": {
        "lines": [
          1,
          null
        ]
      },
      "C:/Users/aalek/OneDrive/Desktop/Bookstore-Services/app/helpers/application_helper.rb": {
        "lines": [
          1,
          null
        ]
      },
      "C:/Users/aalek/OneDrive/Desktop/Bookstore-Services/app/controllers/api/v1/addresses_controller.rb": {
        "lines": [
          1,
          1,
          1,
          1,
          null,
          1,
          2,
          null,
          2,
          null,
          null,
          2,
          null,
          null,
          1,
          3,
          3,
          1,
          null,
          2,
          null,
          null,
          null,
          1,
          3,
          3,
          1,
          null,
          2,
          null,
          null,
          null,
          1,
          3,
          null,
          3,
          null,
          null,
          1,
          null,
          1,
          6,
          null,
          null,
          1,
          0,
          0,
          null,
          0,
          0,
          0,
          0,
          null,
          null,
          0,
          0,
          null,
          0,
          0,
          0,
          0,
          0,
          0,
          null,
          null,
          null,
          0,
          0,
          null,
          null,
          null,
          null,
          1,
          15,
          null,
          null,
          null,
          null
        ]
      },
      "C:/Users/aalek/OneDrive/Desktop/Bookstore-Services/app/controllers/application_controller.rb": {
        "lines": [
          1,
          1,
          null,
          1,
          null,
          1,
          72,
          72,
          11,
          11,
          null,
          null,
          61,
          58,
          54,
          19,
          19,
          null,
          null,
          35,
          35,
          0,
          null,
          null,
          3,
          null,
          null,
          null
        ]
      },
      "C:/Users/aalek/OneDrive/Desktop/Bookstore-Services/app/controllers/api/v1/books_controller.rb": {
        "lines": [
          1,
          null,
          1,
          null,
          1,
          3,
          1,
          null,
          2,
          null,
          null,
          3,
          2,
          1,
          null,
          1,
          null,
          null,
          1,
          null,
          null,
          null,
          1,
          3,
          3,
          1,
          null,
          2,
          null,
          null,
          null,
          1,
          2,
          2,
          2,
          null,
          2,
          2,
          2,
          null,
          null,
          null,
          null,
          null,
          0,
          null,
          null,
          null,
          1,
          2,
          2,
          1,
          null,
          1,
          null,
          null,
          null,
          1,
          2,
          2,
          1,
          null,
          1,
          null,
          null,
          null,
          1,
          2,
          2,
          1,
          null,
          1,
          null,
          null,
          null,
          1,
          2,
          2,
          null,
          2,
          1,
          null,
          null,
          null,
          null,
          1,
          null,
          null,
          null,
          1,
          3,
          1,
          1,
          null,
          null,
          2,
          2,
          null,
          2,
          1,
          null,
          1,
          null,
          null,
          null,
          1,
          null,
          1,
          5,
          null,
          null,
          null,
          null,
          null
        ]
      },
      "C:/Users/aalek/OneDrive/Desktop/Bookstore-Services/app/controllers/api/v1/carts_controller.rb": {
        "lines": [
          1,
          1,
          1,
          1,
          null,
          1,
          2,
          2,
          1,
          null,
          1,
          null,
          null,
          null,
          1,
          3,
          3,
          null,
          null,
          1,
          3,
          3,
          3,
          3,
          3,
          null,
          3,
          3,
          1,
          null,
          2,
          1,
          null,
          1,
          null,
          null,
          null,
          null,
          1,
          3,
          3,
          3,
          3,
          3,
          3,
          1,
          null,
          2,
          null,
          null,
          null,
          1,
          null,
          1,
          5,
          null,
          null,
          null,
          null
        ]
      },
      "C:/Users/aalek/OneDrive/Desktop/Bookstore-Services/app/controllers/api/v1/google_auth_controller.rb": {
        "lines": [
          null,
          1,
          1,
          null,
          1,
          null,
          1,
          5,
          5,
          3,
          3,
          null,
          null,
          null,
          null,
          null,
          null,
          null,
          null,
          null,
          null,
          null,
          1,
          null,
          1,
          5,
          5,
          4,
          null,
          4,
          null,
          1,
          1,
          1,
          null,
          null,
          1,
          4,
          null,
          4,
          2,
          2,
          null,
          2,
          2,
          null,
          null,
          null,
          null,
          1,
          null,
          3,
          null,
          1,
          1,
          1,
          null,
          null,
          1,
          2,
          2,
          2,
          null,
          null,
          1,
          5,
          null,
          null
        ]
      },
      "C:/Users/aalek/OneDrive/Desktop/Bookstore-Services/app/controllers/api/v1/orders_controller.rb": {
        "lines": [
          1,
          1,
          null,
          1,
          5,
          5,
          5,
          1,
          4,
          1,
          3,
          1,
          null,
          2,
          null,
          null,
          null,
          null,
          1,
          4,
          4,
          4,
          1,
          3,
          1,
          2,
          1,
          null,
          1,
          null,
          null,
          null,
          1,
          3,
          3,
          3,
          1,
          2,
          1,
          1,
          0,
          null,
          1,
          null,
          null,
          null,
          1,
          3,
          3,
          3,
          1,
          2,
          1,
          1,
          1,
          null,
          0,
          null,
          null,
          null,
          1,
          null,
          1,
          4,
          null,
          null
        ]
      },
      "C:/Users/aalek/OneDrive/Desktop/Bookstore-Services/app/controllers/api/v1/reviews_controller.rb": {
        "lines": [
          1,
          1,
          null,
          1,
          2,
          2,
          1,
          null,
          1,
          null,
          null,
          null,
          1,
          2,
          2,
          null,
          null,
          1,
          2,
          2,
          2,
          1,
          null,
          1,
          null,
          null,
          null,
          1,
          null,
          1,
          2,
          null,
          null
        ]
      },
      "C:/Users/aalek/OneDrive/Desktop/Bookstore-Services/app/controllers/api/v1/users_controller.rb": {
        "lines": [
          1,
          1,
          1,
          2,
          2,
          1,
          null,
          1,
          null,
          null,
          null,
          1,
          null,
          4,
          3,
          1,
          null,
          null,
          null,
          null,
          null,
          null,
          null,
          null,
          2,
          null,
          null,
          0,
          null,
          1,
          1,
          1,
          null,
          null,
          null,
          1,
          3,
          3,
          1,
          null,
          2,
          null,
          null,
          null,
          1,
          5,
          5,
          1,
          null,
          4,
          null,
          null,
          null,
          1,
          1,
          2,
          null,
          null,
          1,
          4,
          null,
          null,
          1,
          3,
          null,
          null,
          1,
          5,
          null,
          null
        ]
      },
      "C:/Users/aalek/OneDrive/Desktop/Bookstore-Services/app/controllers/api/v1/wishlists_controller.rb": {
        "lines": [
          1,
          1,
          null,
          1,
          2,
          2,
          2,
          1,
          1,
          0,
          1,
          1,
          null,
          0,
          null,
          null,
          null,
          1,
          2,
          2,
          2,
          2,
          0,
          0,
          0,
          0,
          null,
          null,
          0,
          null,
          null,
          null,
          1,
          2,
          2,
          2,
          1,
          1,
          0,
          1,
          0,
          null,
          1,
          null,
          null,
          null,
          1,
          2,
          2,
          2,
          1,
          1,
          0,
          1,
          0,
          null,
          1,
          null,
          null,
          null,
          1,
          null,
          1,
          2,
          null,
          null
        ]
      },
      "C:/Users/aalek/OneDrive/Desktop/Bookstore-Services/app/services/address_service.rb": {
        "lines": [
          1,
          1,
          3,
          3,
          null,
          null,
          1,
          8,
          null,
          null,
          7,
          6,
          1,
          null,
          5,
          null,
          null,
          1,
          null,
          null,
          null,
          1,
          6,
          6,
          null,
          4,
          1,
          null,
          2,
          null,
          null,
          1,
          null,
          null,
          2,
          null,
          null,
          null,
          1,
          3,
          3,
          1,
          0,
          null,
          1,
          1,
          null,
          null,
          2,
          null,
          null,
          null
        ]
      },
      "C:/Users/aalek/OneDrive/Desktop/Bookstore-Services/app/services/book_service.rb": {
        "lines": [
          1,
          1,
          null,
          1,
          26,
          0,
          null,
          26,
          26,
          11,
          10,
          null,
          16,
          null,
          null,
          null,
          null,
          1,
          0,
          0,
          null,
          0,
          0,
          null,
          null,
          null,
          null,
          null,
          null,
          null,
          null,
          null,
          null,
          null,
          0,
          null,
          null,
          0,
          0,
          0,
          null,
          0,
          null,
          null,
          null,
          1,
          12,
          12,
          null,
          9,
          5,
          3,
          3,
          null,
          6,
          null,
          null,
          null,
          1,
          8,
          8,
          8,
          1,
          null,
          null,
          7,
          null,
          6,
          null,
          1,
          null,
          0,
          null,
          5,
          null,
          null,
          6,
          6,
          6,
          null,
          6,
          39,
          null,
          null,
          null,
          null,
          null,
          6,
          null,
          5,
          null,
          null,
          null,
          null,
          null,
          null,
          null,
          null,
          null,
          null,
          null,
          1,
          null,
          null,
          null,
          null,
          null,
          null,
          null,
          null,
          null,
          null,
          null,
          6,
          6,
          null,
          1,
          null,
          null,
          1,
          6,
          6,
          6,
          1,
          null,
          null,
          5,
          5,
          2,
          null,
          null,
          null,
          2,
          null,
          3,
          null,
          null,
          5,
          5,
          null,
          null,
          1,
          6,
          6,
          2,
          null,
          4,
          4,
          5,
          3,
          3,
          3,
          null,
          1,
          null,
          null,
          null,
          1,
          4,
          4,
          null,
          2,
          3,
          2,
          2,
          null,
          0,
          null,
          null,
          null,
          1,
          9,
          null,
          6,
          6,
          6,
          1,
          null,
          null,
          5,
          null,
          null,
          null,
          null,
          4,
          7,
          null,
          null,
          null,
          null,
          null,
          null,
          4,
          null,
          null,
          null,
          null,
          4,
          4,
          null,
          1,
          null,
          null,
          1,
          null,
          5,
          0,
          null,
          null,
          null,
          null,
          2,
          null,
          null,
          2,
          1,
          null,
          null,
          null,
          1,
          1,
          1,
          0,
          null,
          null,
          null,
          1,
          null,
          2,
          null,
          null,
          null,
          null,
          null,
          1,
          null,
          null,
          0,
          0,
          null,
          null,
          null
        ]
      },
      "C:/Users/aalek/OneDrive/Desktop/Bookstore-Services/app/services/cart_service.rb": {
        "lines": [
          1,
          1,
          9,
          null,
          6,
          null,
          6,
          3,
          3,
          3,
          null,
          0,
          null,
          null,
          3,
          3,
          1,
          null,
          2,
          null,
          null,
          null,
          null,
          1,
          10,
          9,
          4,
          null,
          5,
          null,
          null,
          null,
          null,
          null,
          null,
          null,
          null,
          4,
          null,
          5,
          null,
          null,
          1,
          null,
          null,
          null,
          1,
          7,
          6,
          null,
          null,
          3,
          3,
          null,
          0,
          null,
          null,
          1,
          null,
          null,
          1,
          7,
          null,
          5,
          4,
          null,
          3,
          3,
          3,
          null,
          0,
          null,
          null,
          1,
          null,
          null
        ]
      },
      "C:/Users/aalek/OneDrive/Desktop/Bookstore-Services/app/services/order_service.rb": {
        "lines": [
          1,
          1,
          7,
          7,
          6,
          null,
          6,
          6,
          null,
          5,
          5,
          null,
          3,
          null,
          2,
          null,
          2,
          2,
          1,
          null,
          1,
          1,
          null,
          2,
          null,
          null,
          null,
          0,
          null,
          null,
          1,
          null,
          null,
          null,
          1,
          9,
          9,
          null,
          8,
          8,
          null,
          8,
          8,
          null,
          7,
          7,
          null,
          6,
          6,
          null,
          5,
          5,
          null,
          2,
          2,
          null,
          2,
          2,
          null,
          2,
          2,
          null,
          1,
          1,
          null,
          null,
          null,
          null,
          null,
          null,
          null,
          null,
          1,
          1,
          1,
          null,
          0,
          null,
          null,
          null,
          0,
          null,
          null,
          1,
          4,
          4,
          3,
          null,
          3,
          3,
          null,
          2,
          2,
          null,
          1,
          null,
          null,
          1,
          5,
          5,
          4,
          null,
          4,
          4,
          null,
          3,
          3,
          null,
          1,
          null,
          null
        ]
      },
      "C:/Users/aalek/OneDrive/Desktop/Bookstore-Services/app/services/review_service.rb": {
        "lines": [
          1,
          1,
          15,
          15,
          null,
          9,
          10,
          9,
          null,
          6,
          null,
          null,
          null,
          1,
          5,
          null,
          4,
          null,
          null,
          null,
          null,
          null,
          null,
          null,
          null,
          null,
          5,
          9,
          null,
          5,
          null,
          null,
          null,
          null,
          null,
          1,
          5,
          5,
          2,
          null,
          2,
          3,
          2,
          null,
          0,
          null,
          null,
          3,
          null,
          null,
          null
        ]
      },
      "C:/Users/aalek/OneDrive/Desktop/Bookstore-Services/app/services/user_service.rb": {
        "lines": [
          1,
          1,
          13,
          13,
          2,
          null,
          11,
          null,
          null,
          null,
          1,
          11,
          11,
          7,
          3,
          3,
          null,
          4,
          null,
          null,
          4,
          null,
          null,
          null,
          1,
          17,
          17,
          14,
          14,
          null,
          14,
          12,
          null,
          2,
          2,
          null,
          null,
          3,
          null,
          null,
          null,
          1,
          10,
          10,
          2,
          null,
          null,
          8,
          4,
          null,
          null,
          4,
          2,
          2,
          2,
          2,
          null,
          2,
          null,
          null,
          null,
          1,
          0,
          null,
          null,
          1,
          1,
          1,
          null
        ]
      },
      "C:/Users/aalek/OneDrive/Desktop/Bookstore-Services/app/services/json_web_token.rb": {
        "lines": [
          null,
          1,
          null,
          1,
          1,
          null,
          1,
          69,
          69,
          69,
          69,
          69,
          null,
          null,
          1,
          64,
          64,
          60,
          60,
          null,
          4,
          4,
          null,
          null
        ]
      },
      "C:/Users/aalek/OneDrive/Desktop/Bookstore-Services/app/models/user.rb": {
        "lines": [
          null,
          1,
          1,
          1,
          1,
          1,
          1,
          1,
          1,
          1,
          1,
          1,
          1,
          null,
          1,
          null,
          1,
          null,
          1,
          1205,
          null,
          null,
          1,
          null,
          0,
          0,
          0,
          null,
          null,
          0,
          0,
          0,
          null,
          null,
          0,
          0,
          0,
          null,
          0,
          null,
          null,
          null,
          null,
          null,
          null,
          0,
          null,
          0,
          0,
          null,
          null
        ]
      },
      "C:/Users/aalek/OneDrive/Desktop/Bookstore-Services/app/models/application_record.rb": {
        "lines": [
          1,
          1,
          null
        ]
      },
      "C:/Users/aalek/OneDrive/Desktop/Bookstore-Services/app/models/address.rb": {
        "lines": [
          null,
          1,
          1,
          1,
          1,
          1,
          1,
          1,
          1,
          1,
          null,
          1,
          null,
          1,
          null,
          null,
          1,
          1,
          null,
          null
        ]
      },
      "C:/Users/aalek/OneDrive/Desktop/Bookstore-Services/app/models/book.rb": {
        "lines": [
          null,
          1,
          1,
          1,
          1,
          1,
          1,
          null,
          1,
          1,
          1,
          1,
          1,
          null,
          17,
          1,
          null,
          1,
          null,
          1,
          0,
          null,
          null,
          null,
          1,
          48,
          48,
          null,
          null,
          null,
          1,
          48,
          null,
          null,
          1,
          null,
          1,
          0,
          0,
          0,
          null,
          null,
          null
        ]
      },
      "C:/Users/aalek/OneDrive/Desktop/Bookstore-Services/app/models/review.rb": {
        "lines": [
          1,
          1,
          1,
          null,
          1,
          1,
          null
        ]
      },
      "C:/Users/aalek/OneDrive/Desktop/Bookstore-Services/app/models/order.rb": {
        "lines": [
          1,
          1,
          1,
          1,
          null,
          null,
          1,
          null,
          null,
          null,
          1,
          null,
          1,
          null,
          null,
          null,
          1,
          null,
          null,
          null,
          null,
          1,
          18,
          null,
          null,
          null,
          1,
          18,
          null,
          null
        ]
      },
      "C:/Users/aalek/OneDrive/Desktop/Bookstore-Services/app/models/cart.rb": {
        "lines": [
          1,
          1,
          1,
          null
        ]
      },
      "C:/Users/aalek/OneDrive/Desktop/Bookstore-Services/app/mailers/user_mailer.rb": {
        "lines": [
          1,
          1,
          null,
          1,
          0,
          0,
          0,
          0,
          0,
          null,
          null,
          1,
          0,
          0,
          0,
          null,
          null,
          1,
          0,
          0,
          null,
          null
        ]
      },
      "C:/Users/aalek/OneDrive/Desktop/Bookstore-Services/app/mailers/application_mailer.rb": {
        "lines": [
          1,
          1,
          1,
          null
        ]
      },
      "C:/Users/aalek/OneDrive/Desktop/Bookstore-Services/app/services/wishlist_service.rb": {
        "lines": [
          1,
          1,
          0,
          0,
          0,
          0,
          0,
          0,
          0,
          0,
          0,
          0,
          null,
          0,
          null,
          null,
          null,
          1,
          0,
          0,
          0,
          0,
          0,
          null,
          null,
          0,
          null,
          null,
          0,
          0,
          null,
          0,
          0,
          0,
          null,
          0,
          null,
          null,
          null,
          null,
          0,
          null,
          null,
          1,
          0,
          0,
          0,
          0,
          0,
          0,
          0,
          0,
          0,
          null,
          0,
          null,
          null,
          null,
          1,
          0,
          0,
          0,
          0,
          0,
          0,
          0,
          0,
          0,
          null,
          0,
          null,
          null,
          null
        ]
      },
      "C:/Users/aalek/OneDrive/Desktop/Bookstore-Services/app/models/wishlist.rb": {
        "lines": [
          null,
          1,
          1,
          1,
          1,
          null,
          17,
          null,
          null,
          null,
          1,
          0,
          null,
          null
        ]
      },
      "C:/Users/aalek/OneDrive/Desktop/Bookstore-Services/app/jobs/application_job.rb": {
        "lines": [
          0,
          null,
          null,
          null,
          null,
          null,
          0
        ],
        "branches": {}
      },
      "C:/Users/aalek/OneDrive/Desktop/Bookstore-Services/app/workers/email_worker.rb": {
        "lines": [
          0,
          null,
          0,
          0,
          0,
          0,
          null,
          0,
          null,
          0,
          0,
          0,
          0,
          0,
          0,
          0,
          0,
          0,
          0,
          0,
          0
        ],
        "branches": {}
      },
      "C:/Users/aalek/OneDrive/Desktop/Bookstore-Services/lib/tasks/otp_worker.rb": {
        "lines": [
          0,
          null,
          0,
          0,
          0,
          null,
          0,
          0,
          0,
          0,
          0,
          0,
          0,
          null,
          0,
          0,
          null,
          0,
          null,
          0,
          0,
          0,
          0,
          0,
          0,
          null,
          0,
          null,
          0,
          0,
          null,
          0,
          0,
          null,
          0,
          0,
          0,
          0,
          0,
          0,
          null,
          0,
          0,
          0
        ],
        "branches": {}
      }
    },
    "timestamp": 1742977671
  }
}
